# JRE version: OpenJDK Runtime Environment (7.0_65-b32) (build 1.7.0_65-b32)
# Java VM: OpenJDK Server VM (24.65-b04 mixed mode linux-x86 )
Heap
 PSYoungGen      total 21248K, used 5071K [0x9dd40000, 0x9f800000, 0xb32c0000)
  eden space 15104K, 0% used [0x9dd40000,0x9dd40000,0x9ec00000)
  from space 6144K, 82% used [0x9f200000,0x9f6f3d50,0x9f800000)
  to   space 2560K, 0% used [0x9ec40000,0x9ec40000,0x9eec0000)
 ParOldGen       total 40960K, used 9890K [0x732c0000, 0x75ac0000, 0x9dd40000)
  object space 40960K, 24% used [0x732c0000,0x73c68a60,0x75ac0000)
 PSPermGen       total 16384K, used 4165K [0x6b2c0000, 0x6c2c0000, 0x732c0000)
  object space 16384K, 25% used [0x6b2c0000,0x6b6d16e8,0x6c2c0000)
GC Heap History (10 events):
Event: 23,540 GC heap after
Heap after GC invocations=1 (full 0):
 PSYoungGen      total 17920K, used 2559K [0x9dd40000, 0x9f140000, 0xb32c0000)
  eden space 15360K, 0% used [0x9dd40000,0x9dd40000,0x9ec40000)
  from space 2560K, 99% used [0x9ec40000,0x9eebfe40,0x9eec0000)
  to   space 2560K, 0% used [0x9eec0000,0x9eec0000,0x9f140000)
 ParOldGen       total 40960K, used 948K [0x732c0000, 0x75ac0000, 0x9dd40000)
  object space 40960K, 2% used [0x732c0000,0x733ad320,0x75ac0000)
 PSPermGen       total 16384K, used 3968K [0x6b2c0000, 0x6c2c0000, 0x732c0000)
  object space 16384K, 24% used [0x6b2c0000,0x6b6a0318,0x6c2c0000)
}
Event: 41,518 GC heap before
{Heap before GC invocations=2 (full 0):
 PSYoungGen      total 17920K, used 17919K [0x9dd40000, 0x9f140000, 0xb32c0000)
  eden space 15360K, 100% used [0x9dd40000,0x9ec40000,0x9ec40000)
  from space 2560K, 99% used [0x9ec40000,0x9eebfe40,0x9eec0000)
  to   space 2560K, 0% used [0x9eec0000,0x9eec0000,0x9f140000)
 ParOldGen       total 40960K, used 948K [0x732c0000, 0x75ac0000, 0x9dd40000)
  object space 40960K, 2% used [0x732c0000,0x733ad320,0x75ac0000)
 PSPermGen       total 16384K, used 4098K [0x6b2c0000, 0x6c2c0000, 0x732c0000)
  object space 16384K, 25% used [0x6b2c0000,0x6b6c0bc0,0x6c2c0000)
Event: 41,603 GC heap after
Heap after GC invocations=2 (full 0):
 PSYoungGen      total 17920K, used 2550K [0x9dd40000, 0x9f140000, 0xb32c0000)
  eden space 15360K, 0% used [0x9dd40000,0x9dd40000,0x9ec40000)
  from space 2560K, 99% used [0x9eec0000,0x9f13dbf0,0x9f140000)
  to   space 2560K, 0% used [0x9ec40000,0x9ec40000,0x9eec0000)
 ParOldGen       total 40960K, used 2447K [0x732c0000, 0x75ac0000, 0x9dd40000)
  object space 40960K, 5% used [0x732c0000,0x73523ea8,0x75ac0000)
 PSPermGen       total 16384K, used 4098K [0x6b2c0000, 0x6c2c0000, 0x732c0000)
  object space 16384K, 25% used [0x6b2c0000,0x6b6c0bc0,0x6c2c0000)
}
Event: 47,613 GC heap before
{Heap before GC invocations=3 (full 0):
 PSYoungGen      total 17920K, used 17910K [0x9dd40000, 0x9f140000, 0xb32c0000)
  eden space 15360K, 100% used [0x9dd40000,0x9ec40000,0x9ec40000)
  from space 2560K, 99% used [0x9eec0000,0x9f13dbf0,0x9f140000)
  to   space 2560K, 0% used [0x9ec40000,0x9ec40000,0x9eec0000)
 ParOldGen       total 40960K, used 2447K [0x732c0000, 0x75ac0000, 0x9dd40000)
  object space 40960K, 5% used [0x732c0000,0x73523ea8,0x75ac0000)
 PSPermGen       total 16384K, used 4118K [0x6b2c0000, 0x6c2c0000, 0x732c0000)
  object space 16384K, 25% used [0x6b2c0000,0x6b6c5a38,0x6c2c0000)
Event: 47,623 GC heap after
Heap after GC invocations=3 (full 0):
 PSYoungGen      total 17920K, used 2549K [0x9dd40000, 0x9f140000, 0xb32c0000)
  eden space 15360K, 0% used [0x9dd40000,0x9dd40000,0x9ec40000)
  from space 2560K, 99% used [0x9ec40000,0x9eebd5e8,0x9eec0000)
  to   space 2560K, 0% used [0x9eec0000,0x9eec0000,0x9f140000)
 ParOldGen       total 40960K, used 4653K [0x732c0000, 0x75ac0000, 0x9dd40000)
  object space 40960K, 11% used [0x732c0000,0x7374b510,0x75ac0000)
 PSPermGen       total 16384K, used 4118K [0x6b2c0000, 0x6c2c0000, 0x732c0000)
  object space 16384K, 25% used [0x6b2c0000,0x6b6c5a38,0x6c2c0000)
}
Event: 50,156 GC heap before
{Heap before GC invocations=4 (full 0):
 PSYoungGen      total 17920K, used 17909K [0x9dd40000, 0x9f140000, 0xb32c0000)
  eden space 15360K, 100% used [0x9dd40000,0x9ec40000,0x9ec40000)
  from space 2560K, 99% used [0x9ec40000,0x9eebd5e8,0x9eec0000)
  to   space 2560K, 0% used [0x9eec0000,0x9eec0000,0x9f140000)
 ParOldGen       total 40960K, used 4653K [0x732c0000, 0x75ac0000, 0x9dd40000)
  object space 40960K, 11% used [0x732c0000,0x7374b510,0x75ac0000)
 PSPermGen       total 16384K, used 4131K [0x6b2c0000, 0x6c2c0000, 0x732c0000)
  object space 16384K, 25% used [0x6b2c0000,0x6b6c8c40,0x6c2c0000)
Event: 50,175 GC heap after
Heap after GC invocations=4 (full 0):
 PSYoungGen      total 17920K, used 2557K [0x9dd40000, 0x9f140000, 0xb32c0000)
  eden space 15360K, 0% used [0x9dd40000,0x9dd40000,0x9ec40000)
  from space 2560K, 99% used [0x9eec0000,0x9f13f6f8,0x9f140000)
  to   space 2560K, 0% used [0x9ec40000,0x9ec40000,0x9eec0000)
 ParOldGen       total 40960K, used 6831K [0x732c0000, 0x75ac0000, 0x9dd40000)
  object space 40960K, 16% used [0x732c0000,0x7396beb8,0x75ac0000)
 PSPermGen       total 16384K, used 4131K [0x6b2c0000, 0x6c2c0000, 0x732c0000)
  object space 16384K, 25% used [0x6b2c0000,0x6b6c8c40,0x6c2c0000)
}
Event: 83,041 GC heap before
{Heap before GC invocations=5 (full 0):
 PSYoungGen      total 17920K, used 17917K [0x9dd40000, 0x9f140000, 0xb32c0000)
  eden space 15360K, 100% used [0x9dd40000,0x9ec40000,0x9ec40000)
  from space 2560K, 99% used [0x9eec0000,0x9f13f6f8,0x9f140000)
  to   space 2560K, 0% used [0x9ec40000,0x9ec40000,0x9eec0000)
 ParOldGen       total 40960K, used 6831K [0x732c0000, 0x75ac0000, 0x9dd40000)
  object space 40960K, 16% used [0x732c0000,0x7396beb8,0x75ac0000)
 PSPermGen       total 16384K, used 4161K [0x6b2c0000, 0x6c2c0000, 0x732c0000)
  object space 16384K, 25% used [0x6b2c0000,0x6b6d0698,0x6c2c0000)
Event: 83,583 GC heap after
Heap after GC invocations=5 (full 0):
 PSYoungGen      total 17664K, used 2545K [0x9dd40000, 0x9f800000, 0xb32c0000)
  eden space 15104K, 0% used [0x9dd40000,0x9dd40000,0x9ec00000)
  from space 2560K, 99% used [0x9ec40000,0x9eebc5f8,0x9eec0000)
  to   space 6144K, 0% used [0x9f200000,0x9f200000,0x9f800000)
 ParOldGen       total 40960K, used 9890K [0x732c0000, 0x75ac0000, 0x9dd40000)
  object space 40960K, 24% used [0x732c0000,0x73c68a60,0x75ac0000)
 PSPermGen       total 16384K, used 4161K [0x6b2c0000, 0x6c2c0000, 0x732c0000)
  object space 16384K, 25% used [0x6b2c0000,0x6b6d0698,0x6c2c0000)
}
Event: 83,753 GC heap before
{Heap before GC invocations=6 (full 0):
 PSYoungGen      total 17664K, used 17649K [0x9dd40000, 0x9f800000, 0xb32c0000)
  eden space 15104K, 100% used [0x9dd40000,0x9ec00000,0x9ec00000)
  from space 2560K, 99% used [0x9ec40000,0x9eebc5f8,0x9eec0000)
  to   space 6144K, 0% used [0x9f200000,0x9f200000,0x9f800000)
 ParOldGen       total 40960K, used 9890K [0x732c0000, 0x75ac0000, 0x9dd40000)
  object space 40960K, 24% used [0x732c0000,0x73c68a60,0x75ac0000)
 PSPermGen       total 16384K, used 4165K [0x6b2c0000, 0x6c2c0000, 0x732c0000)
  object space 16384K, 25% used [0x6b2c0000,0x6b6d16e8,0x6c2c0000)

