# JRE version: OpenJDK Runtime Environment (7.0_65-b32) (build 1.7.0_65-b32)
# Java VM: OpenJDK Server VM (24.65-b04 mixed mode linux-x86 )
Heap
 PSYoungGen      total 137472K, used 20734K [0x9dd80000, 0xa7c80000, 0xb3300000)
  eden space 116736K, 0% used [0x9dd80000,0x9dd80000,0xa4f80000)
  from space 20736K, 99% used [0xa4f80000,0xa63bf828,0xa63c0000)
  to   space 16128K, 0% used [0xa63c0000,0xa63c0000,0xa7380000)
 ParOldGen       total 40960K, used 36747K [0x73300000, 0x75b00000, 0x9dd80000)
  object space 40960K, 89% used [0x73300000,0x756e2e10,0x75b00000)
 PSPermGen       total 16384K, used 4271K [0x6b300000, 0x6c300000, 0x73300000)
  object space 16384K, 26% used [0x6b300000,0x6b72bd30,0x6c300000)
GC Heap History (10 events):
Event: 10,675 GC heap after
Heap after GC invocations=4 (full 0):
 PSYoungGen      total 33280K, used 2550K [0x9dd80000, 0xa0080000, 0xb3300000)
  eden space 30720K, 0% used [0x9dd80000,0x9dd80000,0x9fb80000)
  from space 2560K, 99% used [0x9fe00000,0xa007db70,0xa0080000)
  to   space 2560K, 0% used [0x9fb80000,0x9fb80000,0x9fe00000)
 ParOldGen       total 40960K, used 7233K [0x73300000, 0x75b00000, 0x9dd80000)
  object space 40960K, 17% used [0x73300000,0x73a10418,0x75b00000)
 PSPermGen       total 16384K, used 4163K [0x6b300000, 0x6c300000, 0x73300000)
  object space 16384K, 25% used [0x6b300000,0x6b710e50,0x6c300000)
}
Event: 13,028 GC heap before
{Heap before GC invocations=5 (full 0):
 PSYoungGen      total 33280K, used 33270K [0x9dd80000, 0xa0080000, 0xb3300000)
  eden space 30720K, 100% used [0x9dd80000,0x9fb80000,0x9fb80000)
  from space 2560K, 99% used [0x9fe00000,0xa007db70,0xa0080000)
  to   space 2560K, 0% used [0x9fb80000,0x9fb80000,0x9fe00000)
 ParOldGen       total 40960K, used 7233K [0x73300000, 0x75b00000, 0x9dd80000)
  object space 40960K, 17% used [0x73300000,0x73a10418,0x75b00000)
 PSPermGen       total 16384K, used 4186K [0x6b300000, 0x6c300000, 0x73300000)
  object space 16384K, 25% used [0x6b300000,0x6b716a98,0x6c300000)
Event: 13,111 GC heap after
Heap after GC invocations=5 (full 0):
 PSYoungGen      total 33280K, used 2546K [0x9dd80000, 0xa2d00000, 0xb3300000)
  eden space 30720K, 0% used [0x9dd80000,0x9dd80000,0x9fb80000)
  from space 2560K, 99% used [0x9fb80000,0x9fdfca28,0x9fe00000)
  to   space 9984K, 0% used [0xa2340000,0xa2340000,0xa2d00000)
 ParOldGen       total 40960K, used 13246K [0x73300000, 0x75b00000, 0x9dd80000)
  object space 40960K, 32% used [0x73300000,0x73fefae8,0x75b00000)
 PSPermGen       total 16384K, used 4186K [0x6b300000, 0x6c300000, 0x73300000)
  object space 16384K, 25% used [0x6b300000,0x6b716a98,0x6c300000)
}
Event: 15,660 GC heap before
{Heap before GC invocations=6 (full 0):
 PSYoungGen      total 33280K, used 33266K [0x9dd80000, 0xa2d00000, 0xb3300000)
  eden space 30720K, 100% used [0x9dd80000,0x9fb80000,0x9fb80000)
  from space 2560K, 99% used [0x9fb80000,0x9fdfca28,0x9fe00000)
  to   space 9984K, 0% used [0xa2340000,0xa2340000,0xa2d00000)
 ParOldGen       total 40960K, used 13246K [0x73300000, 0x75b00000, 0x9dd80000)
  object space 40960K, 32% used [0x73300000,0x73fefae8,0x75b00000)
 PSPermGen       total 16384K, used 4196K [0x6b300000, 0x6c300000, 0x73300000)
  object space 16384K, 25% used [0x6b300000,0x6b719188,0x6c300000)
Event: 15,826 GC heap after
Heap after GC invocations=6 (full 0):
 PSYoungGen      total 70656K, used 8004K [0x9dd80000, 0xa2e80000, 0xb3300000)
  eden space 60672K, 0% used [0x9dd80000,0x9dd80000,0xa18c0000)
  from space 9984K, 80% used [0xa2340000,0xa2b11068,0xa2d00000)
  to   space 10752K, 0% used [0xa18c0000,0xa18c0000,0xa2340000)
 ParOldGen       total 40960K, used 13246K [0x73300000, 0x75b00000, 0x9dd80000)
  object space 40960K, 32% used [0x73300000,0x73fefae8,0x75b00000)
 PSPermGen       total 16384K, used 4196K [0x6b300000, 0x6c300000, 0x73300000)
  object space 16384K, 25% used [0x6b300000,0x6b719188,0x6c300000)
}
Event: 20,354 GC heap before
{Heap before GC invocations=7 (full 0):
 PSYoungGen      total 70656K, used 68676K [0x9dd80000, 0xa2e80000, 0xb3300000)
  eden space 60672K, 100% used [0x9dd80000,0xa18c0000,0xa18c0000)
  from space 9984K, 80% used [0xa2340000,0xa2b11068,0xa2d00000)
  to   space 10752K, 0% used [0xa18c0000,0xa18c0000,0xa2340000)
 ParOldGen       total 40960K, used 13246K [0x73300000, 0x75b00000, 0x9dd80000)
  object space 40960K, 32% used [0x73300000,0x73fefae8,0x75b00000)
 PSPermGen       total 16384K, used 4225K [0x6b300000, 0x6c300000, 0x73300000)
  object space 16384K, 25% used [0x6b300000,0x6b720648,0x6c300000)
Event: 24,027 GC heap after
Heap after GC invocations=7 (full 0):
 PSYoungGen      total 71424K, used 10751K [0x9dd80000, 0xa7380000, 0xb3300000)
  eden space 60672K, 0% used [0x9dd80000,0x9dd80000,0xa18c0000)
  from space 10752K, 99% used [0xa18c0000,0xa233fc58,0xa2340000)
  to   space 16128K, 0% used [0xa63c0000,0xa63c0000,0xa7380000)
 ParOldGen       total 40960K, used 19788K [0x73300000, 0x75b00000, 0x9dd80000)
  object space 40960K, 48% used [0x73300000,0x746530a0,0x75b00000)
 PSPermGen       total 16384K, used 4225K [0x6b300000, 0x6c300000, 0x73300000)
  object space 16384K, 25% used [0x6b300000,0x6b720648,0x6c300000)
}
Event: 62,463 GC heap before
{Heap before GC invocations=8 (full 0):
 PSYoungGen      total 71424K, used 71423K [0x9dd80000, 0xa7380000, 0xb3300000)
  eden space 60672K, 100% used [0x9dd80000,0xa18c0000,0xa18c0000)
  from space 10752K, 99% used [0xa18c0000,0xa233fc58,0xa2340000)
  to   space 16128K, 0% used [0xa63c0000,0xa63c0000,0xa7380000)
 ParOldGen       total 40960K, used 19788K [0x73300000, 0x75b00000, 0x9dd80000)
  object space 40960K, 48% used [0x73300000,0x746530a0,0x75b00000)
 PSPermGen       total 16384K, used 4234K [0x6b300000, 0x6c300000, 0x73300000)
  object space 16384K, 25% used [0x6b300000,0x6b7229f8,0x6c300000)
Event: 62,520 GC heap after
Heap after GC invocations=8 (full 0):
 PSYoungGen      total 132864K, used 16122K [0x9dd80000, 0xa7c80000, 0xb3300000)
  eden space 116736K, 0% used [0x9dd80000,0x9dd80000,0xa4f80000)
  from space 16128K, 99% used [0xa63c0000,0xa737e988,0xa7380000)
  to   space 20736K, 0% used [0xa4f80000,0xa4f80000,0xa63c0000)
 ParOldGen       total 40960K, used 23835K [0x73300000, 0x75b00000, 0x9dd80000)
  object space 40960K, 58% used [0x73300000,0x74a46f68,0x75b00000)
 PSPermGen       total 16384K, used 4234K [0x6b300000, 0x6c300000, 0x73300000)
  object space 16384K, 25% used [0x6b300000,0x6b7229f8,0x6c300000)
}
Event: 80,271 GC heap before
{Heap before GC invocations=9 (full 0):
 PSYoungGen      total 132864K, used 132858K [0x9dd80000, 0xa7c80000, 0xb3300000)
  eden space 116736K, 100% used [0x9dd80000,0xa4f80000,0xa4f80000)
  from space 16128K, 99% used [0xa63c0000,0xa737e988,0xa7380000)
  to   space 20736K, 0% used [0xa4f80000,0xa4f80000,0xa63c0000)
 ParOldGen       total 40960K, used 23835K [0x73300000, 0x75b00000, 0x9dd80000)
  object space 40960K, 58% used [0x73300000,0x74a46f68,0x75b00000)
 PSPermGen       total 16384K, used 4271K [0x6b300000, 0x6c300000, 0x73300000)
  object space 16384K, 26% used [0x6b300000,0x6b72bd30,0x6c300000)

