# JRE version: OpenJDK Runtime Environment (7.0_65-b32) (build 1.7.0_65-b32)
# Java VM: OpenJDK Server VM (24.65-b04 mixed mode linux-x86 )
Heap
 PSYoungGen      total 69632K, used 8944K [0x9dcc0000, 0xa2a40000, 0xb3240000)
  eden space 60672K, 0% used [0x9dcc0000,0x9dcc0000,0xa1800000)
  from space 8960K, 99% used [0xa1800000,0xa20bc0f8,0xa20c0000)
  to   space 8192K, 0% used [0xa20c0000,0xa20c0000,0xa28c0000)
 ParOldGen       total 40960K, used 19108K [0x73240000, 0x75a40000, 0x9dcc0000)
  object space 40960K, 46% used [0x73240000,0x744e91e8,0x75a40000)
 PSPermGen       total 16384K, used 4222K [0x6b240000, 0x6c240000, 0x73240000)
  object space 16384K, 25% used [0x6b240000,0x6b65f8e0,0x6c240000)
GC Heap History (10 events):
Event: 5,533 GC heap after
Heap after GC invocations=2 (full 0):
 PSYoungGen      total 17920K, used 2546K [0x9dcc0000, 0x9ffc0000, 0xb3240000)
  eden space 15360K, 0% used [0x9dcc0000,0x9dcc0000,0x9ebc0000)
  from space 2560K, 99% used [0x9ee40000,0x9f0bca48,0x9f0c0000)
  to   space 2560K, 0% used [0x9ebc0000,0x9ebc0000,0x9ee40000)
 ParOldGen       total 40960K, used 1939K [0x73240000, 0x75a40000, 0x9dcc0000)
  object space 40960K, 4% used [0x73240000,0x73424c68,0x75a40000)
 PSPermGen       total 16384K, used 4099K [0x6b240000, 0x6c240000, 0x73240000)
  object space 16384K, 25% used [0x6b240000,0x6b640c40,0x6c240000)
}
Event: 6,808 GC heap before
{Heap before GC invocations=3 (full 0):
 PSYoungGen      total 17920K, used 17906K [0x9dcc0000, 0x9ffc0000, 0xb3240000)
  eden space 15360K, 100% used [0x9dcc0000,0x9ebc0000,0x9ebc0000)
  from space 2560K, 99% used [0x9ee40000,0x9f0bca48,0x9f0c0000)
  to   space 2560K, 0% used [0x9ebc0000,0x9ebc0000,0x9ee40000)
 ParOldGen       total 40960K, used 1939K [0x73240000, 0x75a40000, 0x9dcc0000)
  object space 40960K, 4% used [0x73240000,0x73424c68,0x75a40000)
 PSPermGen       total 16384K, used 4144K [0x6b240000, 0x6c240000, 0x73240000)
  object space 16384K, 25% used [0x6b240000,0x6b64c3c0,0x6c240000)
Event: 6,895 GC heap after
Heap after GC invocations=3 (full 0):
 PSYoungGen      total 17920K, used 2549K [0x9dcc0000, 0x9ffc0000, 0xb3240000)
  eden space 15360K, 0% used [0x9dcc0000,0x9dcc0000,0x9ebc0000)
  from space 2560K, 99% used [0x9ebc0000,0x9ee3d528,0x9ee40000)
  to   space 2560K, 0% used [0x9fd40000,0x9fd40000,0x9ffc0000)
 ParOldGen       total 40960K, used 4668K [0x73240000, 0x75a40000, 0x9dcc0000)
  object space 40960K, 11% used [0x73240000,0x736cf268,0x75a40000)
 PSPermGen       total 16384K, used 4144K [0x6b240000, 0x6c240000, 0x73240000)
  object space 16384K, 25% used [0x6b240000,0x6b64c3c0,0x6c240000)
}
Event: 8,758 GC heap before
{Heap before GC invocations=4 (full 0):
 PSYoungGen      total 17920K, used 17909K [0x9dcc0000, 0x9ffc0000, 0xb3240000)
  eden space 15360K, 100% used [0x9dcc0000,0x9ebc0000,0x9ebc0000)
  from space 2560K, 99% used [0x9ebc0000,0x9ee3d528,0x9ee40000)
  to   space 2560K, 0% used [0x9fd40000,0x9fd40000,0x9ffc0000)
 ParOldGen       total 40960K, used 4668K [0x73240000, 0x75a40000, 0x9dcc0000)
  object space 40960K, 11% used [0x73240000,0x736cf268,0x75a40000)
 PSPermGen       total 16384K, used 4166K [0x6b240000, 0x6c240000, 0x73240000)
  object space 16384K, 25% used [0x6b240000,0x6b651a70,0x6c240000)
Event: 8,805 GC heap after
Heap after GC invocations=4 (full 0):
 PSYoungGen      total 33280K, used 2557K [0x9dcc0000, 0x9ffc0000, 0xb3240000)
  eden space 30720K, 0% used [0x9dcc0000,0x9dcc0000,0x9fac0000)
  from space 2560K, 99% used [0x9fd40000,0x9ffbf570,0x9ffc0000)
  to   space 2560K, 0% used [0x9fac0000,0x9fac0000,0x9fd40000)
 ParOldGen       total 40960K, used 7456K [0x73240000, 0x75a40000, 0x9dcc0000)
  object space 40960K, 18% used [0x73240000,0x73988370,0x75a40000)
 PSPermGen       total 16384K, used 4166K [0x6b240000, 0x6c240000, 0x73240000)
  object space 16384K, 25% used [0x6b240000,0x6b651a70,0x6c240000)
}
Event: 11,638 GC heap before
{Heap before GC invocations=5 (full 0):
 PSYoungGen      total 33280K, used 33277K [0x9dcc0000, 0x9ffc0000, 0xb3240000)
  eden space 30720K, 100% used [0x9dcc0000,0x9fac0000,0x9fac0000)
  from space 2560K, 99% used [0x9fd40000,0x9ffbf570,0x9ffc0000)
  to   space 2560K, 0% used [0x9fac0000,0x9fac0000,0x9fd40000)
 ParOldGen       total 40960K, used 7456K [0x73240000, 0x75a40000, 0x9dcc0000)
  object space 40960K, 18% used [0x73240000,0x73988370,0x75a40000)
 PSPermGen       total 16384K, used 4186K [0x6b240000, 0x6c240000, 0x73240000)
  object space 16384K, 25% used [0x6b240000,0x6b6569d8,0x6c240000)
Event: 11,728 GC heap after
Heap after GC invocations=5 (full 0):
 PSYoungGen      total 33280K, used 2549K [0x9dcc0000, 0xa28c0000, 0xb3240000)
  eden space 30720K, 0% used [0x9dcc0000,0x9dcc0000,0x9fac0000)
  from space 2560K, 99% used [0x9fac0000,0x9fd3d4f8,0x9fd40000)
  to   space 8192K, 0% used [0xa20c0000,0xa20c0000,0xa28c0000)
 ParOldGen       total 40960K, used 12234K [0x73240000, 0x75a40000, 0x9dcc0000)
  object space 40960K, 29% used [0x73240000,0x73e32958,0x75a40000)
 PSPermGen       total 16384K, used 4186K [0x6b240000, 0x6c240000, 0x73240000)
  object space 16384K, 25% used [0x6b240000,0x6b6569d8,0x6c240000)
}
Event: 14,324 GC heap before
{Heap before GC invocations=6 (full 0):
 PSYoungGen      total 33280K, used 33269K [0x9dcc0000, 0xa28c0000, 0xb3240000)
  eden space 30720K, 100% used [0x9dcc0000,0x9fac0000,0x9fac0000)
  from space 2560K, 99% used [0x9fac0000,0x9fd3d4f8,0x9fd40000)
  to   space 8192K, 0% used [0xa20c0000,0xa20c0000,0xa28c0000)
 ParOldGen       total 40960K, used 12234K [0x73240000, 0x75a40000, 0x9dcc0000)
  object space 40960K, 29% used [0x73240000,0x73e32958,0x75a40000)
 PSPermGen       total 16384K, used 4202K [0x6b240000, 0x6c240000, 0x73240000)
  object space 16384K, 25% used [0x6b240000,0x6b65a980,0x6c240000)
Event: 14,389 GC heap after
Heap after GC invocations=6 (full 0):
 PSYoungGen      total 68864K, used 7557K [0x9dcc0000, 0xa2a40000, 0xb3240000)
  eden space 60672K, 0% used [0x9dcc0000,0x9dcc0000,0xa1800000)
  from space 8192K, 92% used [0xa20c0000,0xa2821610,0xa28c0000)
  to   space 8960K, 0% used [0xa1800000,0xa1800000,0xa20c0000)
 ParOldGen       total 40960K, used 12234K [0x73240000, 0x75a40000, 0x9dcc0000)
  object space 40960K, 29% used [0x73240000,0x73e32958,0x75a40000)
 PSPermGen       total 16384K, used 4202K [0x6b240000, 0x6c240000, 0x73240000)
  object space 16384K, 25% used [0x6b240000,0x6b65a980,0x6c240000)
}
Event: 119,985 GC heap before
{Heap before GC invocations=7 (full 0):
 PSYoungGen      total 68864K, used 68229K [0x9dcc0000, 0xa2a40000, 0xb3240000)
  eden space 60672K, 100% used [0x9dcc0000,0xa1800000,0xa1800000)
  from space 8192K, 92% used [0xa20c0000,0xa2821610,0xa28c0000)
  to   space 8960K, 0% used [0xa1800000,0xa1800000,0xa20c0000)
 ParOldGen       total 40960K, used 12234K [0x73240000, 0x75a40000, 0x9dcc0000)
  object space 40960K, 29% used [0x73240000,0x73e32958,0x75a40000)
 PSPermGen       total 16384K, used 4222K [0x6b240000, 0x6c240000, 0x73240000)
  object space 16384K, 25% used [0x6b240000,0x6b65f8e0,0x6c240000)

