# JRE version: OpenJDK Runtime Environment (7.0_65-b32) (build 1.7.0_65-b32)
# Java VM: OpenJDK Server VM (24.65-b04 mixed mode linux-x86 )
Heap
 PSYoungGen      total 136960K, used 20214K [0x9dcc0000, 0xa7ac0000, 0xb3240000)
  eden space 116736K, 0% used [0x9dcc0000,0x9dcc0000,0xa4ec0000)
  from space 20224K, 99% used [0xa4ec0000,0xa627da70,0xa6280000)
  to   space 15616K, 0% used [0xa6280000,0xa6280000,0xa71c0000)
 ParOldGen       total 40960K, used 36693K [0x73240000, 0x75a40000, 0x9dcc0000)
  object space 40960K, 89% used [0x73240000,0x75615560,0x75a40000)
 PSPermGen       total 16384K, used 4272K [0x6b240000, 0x6c240000, 0x73240000)
  object space 16384K, 26% used [0x6b240000,0x6b66c2d8,0x6c240000)
GC Heap History (10 events):
Event: 6,252 GC heap after
Heap after GC invocations=4 (full 0):
 PSYoungGen      total 33280K, used 2547K [0x9dcc0000, 0x9ffc0000, 0xb3240000)
  eden space 30720K, 0% used [0x9dcc0000,0x9dcc0000,0x9fac0000)
  from space 2560K, 99% used [0x9fd40000,0x9ffbcfd0,0x9ffc0000)
  to   space 2560K, 0% used [0x9fac0000,0x9fac0000,0x9fd40000)
 ParOldGen       total 40960K, used 7088K [0x73240000, 0x75a40000, 0x9dcc0000)
  object space 40960K, 17% used [0x73240000,0x7392c078,0x75a40000)
 PSPermGen       total 16384K, used 4156K [0x6b240000, 0x6c240000, 0x73240000)
  object space 16384K, 25% used [0x6b240000,0x6b64f2c8,0x6c240000)
}
Event: 9,119 GC heap before
{Heap before GC invocations=5 (full 0):
 PSYoungGen      total 33280K, used 33267K [0x9dcc0000, 0x9ffc0000, 0xb3240000)
  eden space 30720K, 100% used [0x9dcc0000,0x9fac0000,0x9fac0000)
  from space 2560K, 99% used [0x9fd40000,0x9ffbcfd0,0x9ffc0000)
  to   space 2560K, 0% used [0x9fac0000,0x9fac0000,0x9fd40000)
 ParOldGen       total 40960K, used 7088K [0x73240000, 0x75a40000, 0x9dcc0000)
  object space 40960K, 17% used [0x73240000,0x7392c078,0x75a40000)
 PSPermGen       total 16384K, used 4185K [0x6b240000, 0x6c240000, 0x73240000)
  object space 16384K, 25% used [0x6b240000,0x6b656670,0x6c240000)
Event: 9,170 GC heap after
Heap after GC invocations=5 (full 0):
 PSYoungGen      total 33280K, used 2556K [0x9dcc0000, 0xa2bc0000, 0xb3240000)
  eden space 30720K, 0% used [0x9dcc0000,0x9dcc0000,0x9fac0000)
  from space 2560K, 99% used [0x9fac0000,0x9fd3f3d8,0x9fd40000)
  to   space 9728K, 0% used [0xa2240000,0xa2240000,0xa2bc0000)
 ParOldGen       total 40960K, used 12860K [0x73240000, 0x75a40000, 0x9dcc0000)
  object space 40960K, 31% used [0x73240000,0x73ecf320,0x75a40000)
 PSPermGen       total 16384K, used 4185K [0x6b240000, 0x6c240000, 0x73240000)
  object space 16384K, 25% used [0x6b240000,0x6b656670,0x6c240000)
}
Event: 11,660 GC heap before
{Heap before GC invocations=6 (full 0):
 PSYoungGen      total 33280K, used 33276K [0x9dcc0000, 0xa2bc0000, 0xb3240000)
  eden space 30720K, 100% used [0x9dcc0000,0x9fac0000,0x9fac0000)
  from space 2560K, 99% used [0x9fac0000,0x9fd3f3d8,0x9fd40000)
  to   space 9728K, 0% used [0xa2240000,0xa2240000,0xa2bc0000)
 ParOldGen       total 40960K, used 12860K [0x73240000, 0x75a40000, 0x9dcc0000)
  object space 40960K, 31% used [0x73240000,0x73ecf320,0x75a40000)
 PSPermGen       total 16384K, used 4196K [0x6b240000, 0x6c240000, 0x73240000)
  object space 16384K, 25% used [0x6b240000,0x6b659130,0x6c240000)
Event: 11,737 GC heap after
Heap after GC invocations=6 (full 0):
 PSYoungGen      total 70400K, used 7756K [0x9dcc0000, 0xa2d40000, 0xb3240000)
  eden space 60672K, 0% used [0x9dcc0000,0x9dcc0000,0xa1800000)
  from space 9728K, 79% used [0xa2240000,0xa29d31a0,0xa2bc0000)
  to   space 10496K, 0% used [0xa1800000,0xa1800000,0xa2240000)
 ParOldGen       total 40960K, used 12860K [0x73240000, 0x75a40000, 0x9dcc0000)
  object space 40960K, 31% used [0x73240000,0x73ecf320,0x75a40000)
 PSPermGen       total 16384K, used 4196K [0x6b240000, 0x6c240000, 0x73240000)
  object space 16384K, 25% used [0x6b240000,0x6b659130,0x6c240000)
}
Event: 15,311 GC heap before
{Heap before GC invocations=7 (full 0):
 PSYoungGen      total 70400K, used 68428K [0x9dcc0000, 0xa2d40000, 0xb3240000)
  eden space 60672K, 100% used [0x9dcc0000,0xa1800000,0xa1800000)
  from space 9728K, 79% used [0xa2240000,0xa29d31a0,0xa2bc0000)
  to   space 10496K, 0% used [0xa1800000,0xa1800000,0xa2240000)
 ParOldGen       total 40960K, used 12860K [0x73240000, 0x75a40000, 0x9dcc0000)
  object space 40960K, 31% used [0x73240000,0x73ecf320,0x75a40000)
 PSPermGen       total 16384K, used 4225K [0x6b240000, 0x6c240000, 0x73240000)
  object space 16384K, 25% used [0x6b240000,0x6b660460,0x6c240000)
Event: 15,402 GC heap after
Heap after GC invocations=7 (full 0):
 PSYoungGen      total 71168K, used 10480K [0x9dcc0000, 0xa71c0000, 0xb3240000)
  eden space 60672K, 0% used [0x9dcc0000,0x9dcc0000,0xa1800000)
  from space 10496K, 99% used [0xa1800000,0xa223c370,0xa2240000)
  to   space 15616K, 0% used [0xa6280000,0xa6280000,0xa71c0000)
 ParOldGen       total 40960K, used 19244K [0x73240000, 0x75a40000, 0x9dcc0000)
  object space 40960K, 46% used [0x73240000,0x7450b180,0x75a40000)
 PSPermGen       total 16384K, used 4225K [0x6b240000, 0x6c240000, 0x73240000)
  object space 16384K, 25% used [0x6b240000,0x6b660460,0x6c240000)
}
Event: 46,536 GC heap before
{Heap before GC invocations=8 (full 0):
 PSYoungGen      total 71168K, used 71152K [0x9dcc0000, 0xa71c0000, 0xb3240000)
  eden space 60672K, 100% used [0x9dcc0000,0xa1800000,0xa1800000)
  from space 10496K, 99% used [0xa1800000,0xa223c370,0xa2240000)
  to   space 15616K, 0% used [0xa6280000,0xa6280000,0xa71c0000)
 ParOldGen       total 40960K, used 19244K [0x73240000, 0x75a40000, 0x9dcc0000)
  object space 40960K, 46% used [0x73240000,0x7450b180,0x75a40000)
 PSPermGen       total 16384K, used 4235K [0x6b240000, 0x6c240000, 0x73240000)
  object space 16384K, 25% used [0x6b240000,0x6b662dc0,0x6c240000)
Event: 46,623 GC heap after
Heap after GC invocations=8 (full 0):
 PSYoungGen      total 132352K, used 15607K [0x9dcc0000, 0xa7ac0000, 0xb3240000)
  eden space 116736K, 0% used [0x9dcc0000,0x9dcc0000,0xa4ec0000)
  from space 15616K, 99% used [0xa6280000,0xa71bdcb8,0xa71c0000)
  to   space 20224K, 0% used [0xa4ec0000,0xa4ec0000,0xa6280000)
 ParOldGen       total 40960K, used 23620K [0x73240000, 0x75a40000, 0x9dcc0000)
  object space 40960K, 57% used [0x73240000,0x749513f0,0x75a40000)
 PSPermGen       total 16384K, used 4235K [0x6b240000, 0x6c240000, 0x73240000)
  object space 16384K, 25% used [0x6b240000,0x6b662dc0,0x6c240000)
}
Event: 53,410 GC heap before
{Heap before GC invocations=9 (full 0):
 PSYoungGen      total 132352K, used 132343K [0x9dcc0000, 0xa7ac0000, 0xb3240000)
  eden space 116736K, 100% used [0x9dcc0000,0xa4ec0000,0xa4ec0000)
  from space 15616K, 99% used [0xa6280000,0xa71bdcb8,0xa71c0000)
  to   space 20224K, 0% used [0xa4ec0000,0xa4ec0000,0xa6280000)
 ParOldGen       total 40960K, used 23620K [0x73240000, 0x75a40000, 0x9dcc0000)
  object space 40960K, 57% used [0x73240000,0x749513f0,0x75a40000)
 PSPermGen       total 16384K, used 4272K [0x6b240000, 0x6c240000, 0x73240000)
  object space 16384K, 26% used [0x6b240000,0x6b66c2d8,0x6c240000)

